0 info it worked if it ends with ok
1 verbose cli [ 'node', '/usr/local/bin/npm', 'start' ]
2 info using npm@1.4.6
3 info using node@v0.10.26
4 verbose node symlink /usr/local/bin/node
5 verbose run-script [ 'prestart', 'start', 'poststart' ]
6 info prestart cloudlist@0.0.0
7 verbose unsafe-perm in lifecycle true
8 info start cloudlist@0.0.0
9 verbose unsafe-perm in lifecycle true
10 info cloudlist@0.0.0 Failed to exec start script
11 error cloudlist@0.0.0 start: `./node_modules/gulp/bin/gulp`
11 error Exit status 127
12 error Failed at the cloudlist@0.0.0 start script.
12 error This is most likely a problem with the cloudlist package,
12 error not with npm itself.
12 error Tell the author that this fails on your system:
12 error     ./node_modules/gulp/bin/gulp
12 error You can get their info via:
12 error     npm owner ls cloudlist
12 error There is likely additional logging output above.
13 error System Darwin 14.1.0
14 error command "node" "/usr/local/bin/npm" "start"
15 error cwd /Users/justin/Development/projects/cloudlist/client
16 error node -v v0.10.26
17 error npm -v 1.4.6
18 error code ELIFECYCLE
19 verbose exit [ 1, true ]
